<?xml version="1.0" encoding="UTF-8"?>
<!-- Generated by org.testng.reporters.JUnitXMLReporter -->
<testsuite hostname="Govind-PC" name="Default test" tests="4" failures="0" timestamp="16 Dec 2017 17:27:19 GMT" time="0.064" errors="0">
  <testcase name="div" time="0.018" classname="runner.NewTest"/>
  <testcase name="mul" time="0.003" classname="runner.NewTest"/>
  <testcase name="sub" time="0.002" classname="runner.NewTest"/>
  <testcase name="sum" time="0.002" classname="runner.NewTest"/>
</testsuite> <!-- Default test -->
