<?xml version="1.0" encoding="UTF-8"?>
<!-- Generated by org.testng.reporters.JUnitXMLReporter -->
<testsuite hostname="Govind-PC" name="Test" tests="8" failures="0" timestamp="16 Dec 2017 18:38:04 GMT" time="0.091" errors="0">
  <testcase name="div" time="0.02" classname="runner.demo1"/>
  <testcase name="mul" time="0.002" classname="runner.demo1"/>
  <testcase name="sub" time="0.004" classname="runner.demo1"/>
  <testcase name="sum" time="0.007" classname="runner.demo1"/>
  <testcase name="div" time="0.003" classname="runner.NewTest"/>
  <testcase name="mul" time="0.002" classname="runner.NewTest"/>
  <testcase name="sub" time="0.004" classname="runner.NewTest"/>
  <testcase name="sum" time="0.002" classname="runner.NewTest"/>
</testsuite> <!-- Test -->
