<?xml version="1.0" encoding="UTF-8"?>
<!-- Generated by org.testng.reporters.JUnitXMLReporter -->
<testsuite hostname="Govind-PC" name="Test" tests="8" failures="0" timestamp="17 Dec 2017 18:00:55 GMT" time="0.034" errors="0">
  <testcase name="div" time="0.01" classname="runner.demo1"/>
  <testcase name="mul" time="0.0" classname="runner.demo1"/>
  <testcase name="sub" time="0.0" classname="runner.demo1"/>
  <testcase name="sum" time="0.0" classname="runner.demo1"/>
  <testcase name="div" time="0.001" classname="runner.NewTest"/>
  <testcase name="mul" time="0.0" classname="runner.NewTest"/>
  <testcase name="sub" time="0.001" classname="runner.NewTest"/>
  <testcase name="sum" time="0.001" classname="runner.NewTest"/>
</testsuite> <!-- Test -->
