<?xml version="1.0" encoding="UTF-8"?>
<testsuite xmlns:xsi="http://www.w3.org/2001/XMLSchema-instance" xsi:schemaLocation="https://maven.apache.org/surefire/maven-surefire-plugin/xsd/surefire-test-report.xsd" name="TestSuite" time="1.46" tests="8" errors="0" skipped="0" failures="0">
  <properties>
[...]
</properties>
  <testcase name="div" classname="runner.demo1" time="0.01"/>
  <testcase name="mul" classname="runner.demo1" time="0"/>
  <testcase name="sub" classname="runner.demo1" time="0"/>
  <testcase name="sum" classname="runner.demo1" time="0"/>
  <testcase name="div" classname="runner.NewTest" time="0"/>
  <testcase name="mul" classname="runner.NewTest" time="0.001"/>
  <testcase name="sub" classname="runner.NewTest" time="0.001"/>
  <testcase name="sum" classname="runner.NewTest" time="0.001"/>
</testsuite>