<?xml version="1.0" encoding="UTF-8"?>
<testng-results skipped="0" failed="0" total="8" passed="8">
  <reporter-output>
  </reporter-output>
  <suite name="Suite" duration-ms="34" started-at="2017-12-17T18:00:55Z" finished-at="2017-12-17T18:00:55Z">
    <groups>
    </groups>
    <test name="Test" duration-ms="34" started-at="2017-12-17T18:00:55Z" finished-at="2017-12-17T18:00:55Z">
      <class name="runner.demo1">
        <test-method status="PASS" signature="div()[pri:0, instance:runner.demo1@34b7bfc0]" name="div" duration-ms="10" started-at="2017-12-17T23:30:55Z" finished-at="2017-12-17T23:30:55Z">
          <reporter-output>
          </reporter-output>
        </test-method> <!-- div -->
        <test-method status="PASS" signature="mul()[pri:0, instance:runner.demo1@34b7bfc0]" name="mul" duration-ms="0" started-at="2017-12-17T23:30:55Z" finished-at="2017-12-17T23:30:55Z">
          <reporter-output>
          </reporter-output>
        </test-method> <!-- mul -->
        <test-method status="PASS" signature="sub()[pri:0, instance:runner.demo1@34b7bfc0]" name="sub" duration-ms="0" started-at="2017-12-17T23:30:55Z" finished-at="2017-12-17T23:30:55Z">
          <reporter-output>
          </reporter-output>
        </test-method> <!-- sub -->
        <test-method status="PASS" signature="sum()[pri:0, instance:runner.demo1@34b7bfc0]" name="sum" duration-ms="0" started-at="2017-12-17T23:30:55Z" finished-at="2017-12-17T23:30:55Z">
          <reporter-output>
          </reporter-output>
        </test-method> <!-- sum -->
      </class> <!-- runner.demo1 -->
      <class name="runner.NewTest">
        <test-method status="PASS" signature="div()[pri:0, instance:runner.NewTest@47f6473]" name="div" duration-ms="1" started-at="2017-12-17T23:30:55Z" finished-at="2017-12-17T23:30:55Z">
          <reporter-output>
          </reporter-output>
        </test-method> <!-- div -->
        <test-method status="PASS" signature="mul()[pri:0, instance:runner.NewTest@47f6473]" name="mul" duration-ms="0" started-at="2017-12-17T23:30:55Z" finished-at="2017-12-17T23:30:55Z">
          <reporter-output>
          </reporter-output>
        </test-method> <!-- mul -->
        <test-method status="PASS" signature="sub()[pri:0, instance:runner.NewTest@47f6473]" name="sub" duration-ms="1" started-at="2017-12-17T23:30:55Z" finished-at="2017-12-17T23:30:55Z">
          <reporter-output>
          </reporter-output>
        </test-method> <!-- sub -->
        <test-method status="PASS" signature="sum()[pri:0, instance:runner.NewTest@47f6473]" name="sum" duration-ms="1" started-at="2017-12-17T23:30:55Z" finished-at="2017-12-17T23:30:55Z">
          <reporter-output>
          </reporter-output>
        </test-method> <!-- sum -->
      </class> <!-- runner.NewTest -->
    </test> <!-- Test -->
  </suite> <!-- Suite -->
</testng-results>
