<?xml version="1.0" encoding="UTF-8"?>
<testng-results skipped="0" failed="0" total="8" passed="8">
  <reporter-output>
  </reporter-output>
  <suite name="Suite" duration-ms="91" started-at="2017-12-16T18:38:04Z" finished-at="2017-12-16T18:38:04Z">
    <groups>
    </groups>
    <test name="Test" duration-ms="91" started-at="2017-12-16T18:38:04Z" finished-at="2017-12-16T18:38:04Z">
      <class name="runner.demo1">
        <test-method status="PASS" signature="div()[pri:0, instance:runner.demo1@548a9f61]" name="div" duration-ms="20" started-at="2017-12-17T00:08:04Z" finished-at="2017-12-17T00:08:04Z">
          <reporter-output>
          </reporter-output>
        </test-method> <!-- div -->
        <test-method status="PASS" signature="mul()[pri:0, instance:runner.demo1@548a9f61]" name="mul" duration-ms="2" started-at="2017-12-17T00:08:04Z" finished-at="2017-12-17T00:08:04Z">
          <reporter-output>
          </reporter-output>
        </test-method> <!-- mul -->
        <test-method status="PASS" signature="sub()[pri:0, instance:runner.demo1@548a9f61]" name="sub" duration-ms="4" started-at="2017-12-17T00:08:04Z" finished-at="2017-12-17T00:08:04Z">
          <reporter-output>
          </reporter-output>
        </test-method> <!-- sub -->
        <test-method status="PASS" signature="sum()[pri:0, instance:runner.demo1@548a9f61]" name="sum" duration-ms="7" started-at="2017-12-17T00:08:04Z" finished-at="2017-12-17T00:08:04Z">
          <reporter-output>
          </reporter-output>
        </test-method> <!-- sum -->
      </class> <!-- runner.demo1 -->
      <class name="runner.NewTest">
        <test-method status="PASS" signature="div()[pri:0, instance:runner.NewTest@6767c1fc]" name="div" duration-ms="3" started-at="2017-12-17T00:08:04Z" finished-at="2017-12-17T00:08:04Z">
          <reporter-output>
          </reporter-output>
        </test-method> <!-- div -->
        <test-method status="PASS" signature="mul()[pri:0, instance:runner.NewTest@6767c1fc]" name="mul" duration-ms="2" started-at="2017-12-17T00:08:04Z" finished-at="2017-12-17T00:08:04Z">
          <reporter-output>
          </reporter-output>
        </test-method> <!-- mul -->
        <test-method status="PASS" signature="sub()[pri:0, instance:runner.NewTest@6767c1fc]" name="sub" duration-ms="4" started-at="2017-12-17T00:08:04Z" finished-at="2017-12-17T00:08:04Z">
          <reporter-output>
          </reporter-output>
        </test-method> <!-- sub -->
        <test-method status="PASS" signature="sum()[pri:0, instance:runner.NewTest@6767c1fc]" name="sum" duration-ms="2" started-at="2017-12-17T00:08:04Z" finished-at="2017-12-17T00:08:04Z">
          <reporter-output>
          </reporter-output>
        </test-method> <!-- sum -->
      </class> <!-- runner.NewTest -->
    </test> <!-- Test -->
  </suite> <!-- Suite -->
</testng-results>
